Address: 20000740 Link: 20000630 Flags: 00000000 Code: 20000750 Name: setup_now
Address: 20000630 Link: 2000056C Flags: 00000000 Code: 20000642 Name: set-tim4-oc
Address: 2000056C Link: 200004EC Flags: 00000000 Code: 20000588 Name: set-tim-2to4-timebase
Address: 200004EC Link: 2000044C Flags: 00000000 Code: 20000506 Name: tim-base-addr-2to4
Address: 2000044C Link: 20000424 Flags: 00000000 Code: 2000045C Name: init-pb-n
Address: 20000424 Link: 200003EC Flags: 00000000 Code: 20000436 Name: valid-pin?
Address: 200003EC Link: 200003CC Flags: 00000000 Code: 200003FA Name: between
Address: 200003CC Link: 200003AC Flags: 00000040 Code: 200003DE Name: tim4_ccr2_r
Address: 200003AC Link: 2000038C Flags: 00000040 Code: 200003BE Name: tim4_ccr1_r
Address: 2000038C Link: 00000150 Flags: 00000040 Code: 2000039E Name: tim4_arr_r
Address: 00000150 Link: 00000588 Flags: 0000FFFF Code: 00000176 Name: --- Mecrisp-Stellaris Core ---
Address: 00000588 Link: 000005AC Flags: 00000242 Code: 00000594 Name: 2dup
Address: 000005AC Link: 000005CA Flags: 00000262 Code: 000005B8 Name: 2drop
Address: 000005CA Link: 00000610 Flags: 00000244 Code: 000005D6 Name: 2swap
Address: 00000610 Link: 00000638 Flags: 00000262 Code: 0000061C Name: 2nip
Address: 00000638 Link: 00000652 Flags: 00000044 Code: 00000644 Name: 2over
Address: 00000652 Link: 00000676 Flags: 00000044 Code: 0000065E Name: 2tuck
Address: 00000676 Link: 00000698 Flags: 00000046 Code: 00000682 Name: 2rot
Address: 00000698 Link: 000006BA Flags: 00000046 Code: 000006A4 Name: 2-rot
Address: 000006BA Link: 000006E2 Flags: 00000220 Code: 000006C4 Name: 2>r
Address: 000006E2 Link: 0000070E Flags: 00000220 Code: 000006EC Name: 2r>
Address: 0000070E Link: 0000073E Flags: 00000220 Code: 00000718 Name: 2r@
Address: 0000073E Link: 00000764 Flags: 00000220 Code: 0000074C Name: 2rdrop
Address: 00000764 Link: 0000077C Flags: 00000042 Code: 0000076E Name: d2/
Address: 0000077C Link: 00000792 Flags: 00000262 Code: 00000786 Name: d2*
Address: 00000792 Link: 000007AC Flags: 00000042 Code: 0000079E Name: dshr
Address: 000007AC Link: 000007F8 Flags: 00000262 Code: 000007B8 Name: dshl
Address: 000007F8 Link: 0000080A Flags: 00000042 Code: 00000804 Name: dabs
Address: 0000080A Link: 00000828 Flags: 00000042 Code: 00000818 Name: dnegate
Address: 00000828 Link: 00000878 Flags: 00000264 Code: 00000832 Name: d-
Address: 00000878 Link: 000008C6 Flags: 00000264 Code: 00000882 Name: d+
Address: 000008C6 Link: 000008F0 Flags: 00000261 Code: 000008D0 Name: s>d
Address: 000008F0 Link: 0000094E Flags: 00000262 Code: 000008FA Name: um*
Address: 0000094E Link: 0000096C Flags: 00000262 Code: 00000958 Name: m*
Address: 0000096C Link: 000009AA Flags: 00000044 Code: 00000976 Name: ud*
Address: 000009AA Link: 00000A3C Flags: 00000044 Code: 000009B6 Name: udm*
Address: 00000A3C Link: 00000A5E Flags: 00000043 Code: 00000A46 Name: */
Address: 00000A5E Link: 00000A80 Flags: 00000043 Code: 00000A6A Name: */mod
Address: 00000A80 Link: 00000AA2 Flags: 00000043 Code: 00000A8A Name: u*/
Address: 00000AA2 Link: 00000AC6 Flags: 00000043 Code: 00000AB0 Name: u*/mod
Address: 00000AC6 Link: 00000AE6 Flags: 00000043 Code: 00000AD4 Name: um/mod
Address: 00000AE6 Link: 00000B04 Flags: 00000043 Code: 00000AF2 Name: m/mod
Address: 00000B04 Link: 00000B56 Flags: 00000044 Code: 00000B12 Name: ud/mod
Address: 00000B56 Link: 00000BCC Flags: 00000044 Code: 00000B62 Name: d/mod
Address: 00000BCC Link: 00000BE2 Flags: 00000044 Code: 00000BD6 Name: d/
Address: 00000BE2 Link: 00000C2A Flags: 00000044 Code: 00000BEC Name: f*
Address: 00000C2A Link: 00000C76 Flags: 00000044 Code: 00000C34 Name: f/
Address: 00000C76 Link: 00000CBE Flags: 00000220 Code: 00000C80 Name: 2!
Address: 00000CBE Link: 00000D08 Flags: 00000220 Code: 00000CC8 Name: 2@
Address: 00000D08 Link: 00000D28 Flags: 00000044 Code: 00000D12 Name: du<
Address: 00000D28 Link: 00000D48 Flags: 00000044 Code: 00000D32 Name: du>
Address: 00000D48 Link: 00000D68 Flags: 00000044 Code: 00000D52 Name: d<
Address: 00000D68 Link: 00000D88 Flags: 00000044 Code: 00000D72 Name: d>
Address: 00000D88 Link: 00000DA4 Flags: 00000262 Code: 00000D92 Name: d0<
Address: 00000DA4 Link: 00000DCC Flags: 00000262 Code: 00000DAE Name: d0=
Address: 00000DCC Link: 00000DF2 Flags: 00000244 Code: 00000DD6 Name: d<>
Address: 00000DF2 Link: 00000E3C Flags: 00000244 Code: 00000DFC Name: d=
Address: 00000E3C Link: 00000E4E Flags: 00000020 Code: 00000E46 Name: sp@
Address: 00000E4E Link: 00000E5E Flags: 00000020 Code: 00000E58 Name: sp!
Address: 00000E5E Link: 00000E70 Flags: 00000020 Code: 00000E68 Name: rp@
Address: 00000E70 Link: 00000E80 Flags: 00000020 Code: 00000E7A Name: rp!
Address: 00000E80 Link: 00000EA4 Flags: 00000261 Code: 00000E8A Name: dup
Address: 00000EA4 Link: 00000ED0 Flags: 00000261 Code: 00000EB0 Name: drop
Address: 00000ED0 Link: 00000EE6 Flags: 00000061 Code: 00000EDC Name: ?dup
Address: 00000EE6 Link: 00000F12 Flags: 00000262 Code: 00000EF2 Name: swap
Address: 00000F12 Link: 00000F40 Flags: 00000262 Code: 00000F1C Name: nip
Address: 00000F40 Link: 00000F68 Flags: 00000262 Code: 00000F4C Name: over
Address: 00000F68 Link: 00000F8E Flags: 00000262 Code: 00000F74 Name: tuck
Address: 00000F8E Link: 00000FC4 Flags: 00000263 Code: 00000F98 Name: rot
Address: 00000FC4 Link: 00000FE8 Flags: 00000263 Code: 00000FD0 Name: -rot
Address: 00000FE8 Link: 00000FFA Flags: 00000020 Code: 00000FF4 Name: pick
Address: 00000FFA Link: 00001012 Flags: 00000000 Code: 00001006 Name: depth
Address: 00001012 Link: 0000102E Flags: 00000000 Code: 00001020 Name: rdepth
Address: 0000102E Link: 00001064 Flags: 00000220 Code: 00001038 Name: >r
Address: 00001064 Link: 0000109A Flags: 00000220 Code: 0000106E Name: r>
Address: 0000109A Link: 000010B8 Flags: 00000220 Code: 000010A4 Name: r@
Address: 000010B8 Link: 000010DC Flags: 00000220 Code: 000010C4 Name: rdrop
Address: 000010DC Link: 000010F0 Flags: 00000020 Code: 000010E8 Name: rpick
Address: 000010F0 Link: 0000111C Flags: 00000000 Code: 000010FC Name: roll
Address: 0000111C Link: 0000114C Flags: 00000000 Code: 00001128 Name: -roll
Address: 0000114C Link: 00001166 Flags: 00000262 Code: 00001156 Name: and
Address: 00001166 Link: 00001182 Flags: 00000262 Code: 00001170 Name: bic
Address: 00001182 Link: 0000119C Flags: 00000262 Code: 0000118C Name: or
Address: 0000119C Link: 000011B6 Flags: 00000262 Code: 000011A6 Name: xor
Address: 000011B6 Link: 000011CE Flags: 00000262 Code: 000011BE Name: *
Address: 000011CE Link: 00001202 Flags: 00000261 Code: 000011D8 Name: clz
Address: 00001202 Link: 00001212 Flags: 00000061 Code: 0000120C Name: ror
Address: 00001212 Link: 00001224 Flags: 00000061 Code: 0000121C Name: rol
Address: 00001224 Link: 0000125C Flags: 00000262 Code: 00001232 Name: arshift
Address: 0000125C Link: 00001286 Flags: 00000262 Code: 0000126A Name: rshift
Address: 00001286 Link: 000013C0 Flags: 00000262 Code: 00001294 Name: lshift
Address: 000013C0 Link: 000013E6 Flags: 00000261 Code: 000013CA Name: 0=
Address: 000013E6 Link: 0000140E Flags: 00000261 Code: 000013F0 Name: 0<>
Address: 0000140E Link: 00001436 Flags: 00000261 Code: 00001418 Name: 0<
Address: 00001436 Link: 0000144C Flags: 00000060 Code: 00001442 Name: true
Address: 0000144C Link: 00001460 Flags: 00000060 Code: 00001458 Name: false
Address: 00001460 Link: 00001486 Flags: 00000242 Code: 0000146A Name: >=
Address: 00001486 Link: 000014AC Flags: 00000242 Code: 00001490 Name: <=
Address: 000014AC Link: 000014D0 Flags: 00000242 Code: 000014B4 Name: <
Address: 000014D0 Link: 000014F4 Flags: 00000242 Code: 000014D8 Name: >
Address: 000014F4 Link: 0000151A Flags: 00000262 Code: 000014FE Name: u>=
Address: 0000151A Link: 00001540 Flags: 00000262 Code: 00001524 Name: u<=
Address: 00001540 Link: 00001564 Flags: 00000262 Code: 0000154A Name: u<
Address: 00001564 Link: 00001588 Flags: 00000262 Code: 0000156E Name: u>
Address: 00001588 Link: 000015AA Flags: 00000262 Code: 00001592 Name: <>
Address: 000015AA Link: 0000170A Flags: 00000262 Code: 000015B2 Name: =
Address: 0000170A Link: 00001728 Flags: 00000262 Code: 00001714 Name: min
Address: 00001728 Link: 00001746 Flags: 00000262 Code: 00001732 Name: max
Address: 00001746 Link: 00001766 Flags: 00000262 Code: 00001752 Name: umax
Address: 00001766 Link: 000017EC Flags: 00000262 Code: 00001772 Name: umin
Address: 000017EC Link: 0000182A Flags: 00000000 Code: 000017F8 Name: move
Address: 0000182A Link: 0000184C Flags: 00000000 Code: 00001836 Name: fill
Address: 0000184C Link: 0000188E Flags: 00000220 Code: 00001854 Name: @
Address: 0000188E Link: 000018E6 Flags: 00000220 Code: 00001896 Name: !
Address: 000018E6 Link: 0000191C Flags: 00000220 Code: 000018F0 Name: +!
Address: 0000191C Link: 00001960 Flags: 00000220 Code: 00001926 Name: h@
Address: 00001960 Link: 000019BA Flags: 00000220 Code: 0000196A Name: h!
Address: 000019BA Link: 000019F0 Flags: 00000220 Code: 000019C4 Name: h+!
Address: 000019F0 Link: 00001A34 Flags: 00000220 Code: 000019FA Name: c@
Address: 00001A34 Link: 00001A8E Flags: 00000220 Code: 00001A3E Name: c!
Address: 00001A8E Link: 00001AC4 Flags: 00000220 Code: 00001A98 Name: c+!
Address: 00001AC4 Link: 00001B04 Flags: 00000220 Code: 00001AD0 Name: bis!
Address: 00001B04 Link: 00001B44 Flags: 00000220 Code: 00001B10 Name: bic!
Address: 00001B44 Link: 00001B84 Flags: 00000220 Code: 00001B50 Name: xor!
Address: 00001B84 Link: 00001BBA Flags: 00000220 Code: 00001B90 Name: bit@
Address: 00001BBA Link: 00001BFA Flags: 00000220 Code: 00001BC6 Name: hbis!
Address: 00001BFA Link: 00001C3A Flags: 00000220 Code: 00001C06 Name: hbic!
Address: 00001C3A Link: 00001C7A Flags: 00000220 Code: 00001C46 Name: hxor!
Address: 00001C7A Link: 00001CB0 Flags: 00000220 Code: 00001C86 Name: hbit@
Address: 00001CB0 Link: 00001CF0 Flags: 00000220 Code: 00001CBC Name: cbis!
Address: 00001CF0 Link: 00001D30 Flags: 00000220 Code: 00001CFC Name: cbic!
Address: 00001D30 Link: 00001D70 Flags: 00000220 Code: 00001D3C Name: cxor!
Address: 00001D70 Link: 00001DA6 Flags: 00000220 Code: 00001D7C Name: cbit@
Address: 00001DA6 Link: 00001E40 Flags: 00000000 Code: 00001DB4 Name: hflash!
Address: 00001E40 Link: 00001E90 Flags: 00000000 Code: 00001E56 Name: flashpageerase
Address: 00001E90 Link: 00001F12 Flags: 00000000 Code: 00001EA2 Name: eraseflash
Address: 00001F12 Link: 00001F48 Flags: 00000000 Code: 00001F28 Name: eraseflashfrom
Address: 00001F48 Link: 00001F7E Flags: 00000262 Code: 00001F50 Name: +
Address: 00001F7E Link: 00002024 Flags: 00000262 Code: 00001F86 Name: -
Address: 00002024 Link: 0000203C Flags: 00000261 Code: 0000202E Name: 1-
Address: 0000203C Link: 00002054 Flags: 00000261 Code: 00002046 Name: 1+
Address: 00002054 Link: 0000206C Flags: 00000261 Code: 0000205E Name: 2-
Address: 0000206C Link: 00002084 Flags: 00000261 Code: 00002076 Name: 2+
Address: 00002084 Link: 0000209E Flags: 00000261 Code: 00002090 Name: cell+
Address: 0000209E Link: 000020D0 Flags: 00000261 Code: 000020AC Name: negate
Address: 000020D0 Link: 000020E8 Flags: 00000261 Code: 000020DA Name: not
Address: 000020E8 Link: 00002100 Flags: 00000261 Code: 000020F2 Name: shr
Address: 00002100 Link: 00002110 Flags: 00000261 Code: 0000210A Name: shl
Address: 00002110 Link: 00002126 Flags: 00000261 Code: 0000211A Name: 2*
Address: 00002126 Link: 0000213E Flags: 00000261 Code: 00002132 Name: cells
Address: 0000213E Link: 00002156 Flags: 00000261 Code: 00002148 Name: 2/
Address: 00002156 Link: 00002192 Flags: 00000261 Code: 00002160 Name: abs
Address: 00002192 Link: 000021B0 Flags: 00000042 Code: 0000219E Name: u/mod
Address: 000021B0 Link: 000021CE Flags: 00000042 Code: 000021BC Name: /mod
Address: 000021CE Link: 000021E2 Flags: 00000042 Code: 000021D8 Name: mod
Address: 000021E2 Link: 00002222 Flags: 00000262 Code: 000021EA Name: /
Address: 00002222 Link: 00002236 Flags: 00000061 Code: 0000222E Name: even
Address: 00002236 Link: 0000224E Flags: 00000081 Code: 00002242 Name: base
Address: 0000224E Link: 00002264 Flags: 00000000 Code: 0000225C Name: binary
Address: 00002264 Link: 0000227A Flags: 00000000 Code: 00002272 Name: decimal
Address: 0000227A Link: 0000229C Flags: 00000000 Code: 00002284 Name: hex
Address: 0000229C Link: 000022B8 Flags: 00000081 Code: 000022AC Name: hook-emit
Address: 000022B8 Link: 000022D4 Flags: 00000081 Code: 000022C8 Name: hook-key
Address: 000022D4 Link: 000022F2 Flags: 00000081 Code: 000022E6 Name: hook-emit?
Address: 000022F2 Link: 0000230E Flags: 00000081 Code: 00002302 Name: hook-key?
Address: 0000230E Link: 0000232C Flags: 00000081 Code: 00002320 Name: hook-pause
Address: 0000232C Link: 00002342 Flags: 00000000 Code: 00002338 Name: emit
Address: 00002342 Link: 00002356 Flags: 00000000 Code: 0000234C Name: key
Address: 00002356 Link: 00002368 Flags: 00000000 Code: 00002362 Name: emit?
Address: 00002368 Link: 0000237A Flags: 00000000 Code: 00002374 Name: key?
Address: 0000237A Link: 00002390 Flags: 00000000 Code: 00002386 Name: pause
Address: 00002390 Link: 000023B6 Flags: 00000000 Code: 000023A2 Name: serial-emit
Address: 000023B6 Link: 000023DE Flags: 00000000 Code: 000023C8 Name: serial-key
Address: 000023DE Link: 0000240C Flags: 00000000 Code: 000023F2 Name: serial-emit?
Address: 0000240C Link: 00002484 Flags: 00000000 Code: 0000241E Name: serial-key?
Address: 00002484 Link: 000024A8 Flags: 00000000 Code: 00002492 Name: cexpect
Address: 000024A8 Link: 0000251E Flags: 00000000 Code: 000024B6 Name: accept
Address: 0000251E Link: 00002530 Flags: 00000040 Code: 00002528 Name: tib
Address: 00002530 Link: 00002546 Flags: 00000081 Code: 0000253A Name: >in
Address: 00002546 Link: 0000256C Flags: 00000082 Code: 0000255C Name: current-source
Address: 0000256C Link: 00002588 Flags: 00000000 Code: 0000257C Name: setsource
Address: 00002588 Link: 000025A6 Flags: 00000000 Code: 00002596 Name: source
Address: 000025A6 Link: 000025E0 Flags: 00000000 Code: 000025B2 Name: query
Address: 000025E0 Link: 0000262E Flags: 00000000 Code: 000025EE Name: compare
Address: 0000262E Link: 00002642 Flags: 00000000 Code: 00002638 Name: cr
Address: 00002642 Link: 00002654 Flags: 00000000 Code: 0000264C Name: bl
Address: 00002654 Link: 00002668 Flags: 00000000 Code: 00002660 Name: space
Address: 00002668 Link: 00002688 Flags: 00000000 Code: 00002676 Name: spaces
Address: 00002688 Link: 00002698 Flags: 00000050 Code: 00002696 Name: [char]
Address: 00002698 Link: 000026B0 Flags: 00000000 Code: 000026A4 Name: char
Address: 000026B0 Link: 000026C0 Flags: 00000450 Code: 000026B8 Name: (
Address: 000026C0 Link: 000026DA Flags: 00000450 Code: 000026C8 Name: \
Address: 000026DA Link: 0000271E Flags: 00000010 Code: 000026E4 Name: ."
Address: 0000271E Link: 00002744 Flags: 00000010 Code: 00002728 Name: c"
Address: 00002744 Link: 0000276E Flags: 00000010 Code: 0000274E Name: s"
Address: 0000276E Link: 00002786 Flags: 00000000 Code: 0000277A Name: count
Address: 00002786 Link: 000027AE Flags: 00000000 Code: 00002792 Name: ctype
Address: 000027AE Link: 000027DC Flags: 00000000 Code: 000027BA Name: type
Address: 000027DC Link: 00002816 Flags: 00000000 Code: 000027E8 Name: hex.
Address: 00002816 Link: 00002826 Flags: 00000000 Code: 00002820 Name: h.s
Address: 00002826 Link: 00002836 Flags: 00000000 Code: 00002830 Name: u.s
Address: 00002836 Link: 000028B4 Flags: 00000000 Code: 00002840 Name: .s
Address: 000028B4 Link: 00002978 Flags: 00000000 Code: 000028C0 Name: words
Address: 00002978 Link: 00002ADC Flags: 00000000 Code: 0000298C Name: 12bitencoding
Address: 00002ADC Link: 00002B42 Flags: 00000000 Code: 00002AF4 Name: registerliteral,
Address: 00002B42 Link: 00002BA2 Flags: 00000000 Code: 00002B52 Name: movwmovt,
Address: 00002BA2 Link: 00002C08 Flags: 00000000 Code: 00002BAE Name: call,
Address: 00002C08 Link: 00002C3E Flags: 00000000 Code: 00002C18 Name: literal,
Address: 00002C3E Link: 00002C62 Flags: 00000000 Code: 00002C4C Name: create
Address: 00002C62 Link: 00002CAA Flags: 00000020 Code: 00002C6E Name: does>
Address: 00002CAA Link: 00002CEC Flags: 00000000 Code: 00002CB8 Name: <builds
Address: 00002CEC Link: 00002CF8 Flags: 00000050 Code: 00002CF6 Name: [']
Address: 00002CF8 Link: 00002D10 Flags: 00000000 Code: 00002D00 Name: '
Address: 00002D10 Link: 00002D46 Flags: 00000030 Code: 00002D20 Name: postpone
Address: 00002D46 Link: 00002D9C Flags: 00000000 Code: 00002D54 Name: inline,
Address: 00002D9C Link: 00002DB2 Flags: 00000000 Code: 00002DA8 Name: ret,
Address: 00002DB2 Link: 00002DC0 Flags: 00000030 Code: 00002DBE Name: exit
Address: 00002DC0 Link: 00002DD8 Flags: 00000030 Code: 00002DCE Name: recurse
Address: 00002DD8 Link: 00002DF0 Flags: 00000081 Code: 00002DE4 Name: state
Address: 00002DF0 Link: 00002E02 Flags: 00000000 Code: 00002DF8 Name: ]
Address: 00002E02 Link: 00002E12 Flags: 00000010 Code: 00002E0A Name: [
Address: 00002E12 Link: 00002E32 Flags: 00000000 Code: 00002E1A Name: :
Address: 00002E32 Link: 00002EA4 Flags: 00000830 Code: 00002E3A Name: ;
Address: 00002EA4 Link: 00002EB8 Flags: 00000000 Code: 00002EB2 Name: execute
Address: 00002EB8 Link: 00002ED0 Flags: 00000010 Code: 00002EC8 Name: immediate
Address: 00002ED0 Link: 00002EE6 Flags: 00000050 Code: 00002EDE Name: inline
Address: 00002EE6 Link: 00002F00 Flags: 00000010 Code: 00002EF8 Name: compileonly
Address: 00002F00 Link: 00002F1A Flags: 00000050 Code: 00002F12 Name: 0-foldable
Address: 00002F1A Link: 00002F34 Flags: 00000050 Code: 00002F2C Name: 1-foldable
Address: 00002F34 Link: 00002F4E Flags: 00000050 Code: 00002F46 Name: 2-foldable
Address: 00002F4E Link: 00002F68 Flags: 00000050 Code: 00002F60 Name: 3-foldable
Address: 00002F68 Link: 00002F82 Flags: 00000050 Code: 00002F7A Name: 4-foldable
Address: 00002F82 Link: 00002F9C Flags: 00000050 Code: 00002F94 Name: 5-foldable
Address: 00002F9C Link: 00002FB6 Flags: 00000050 Code: 00002FAE Name: 6-foldable
Address: 00002FB6 Link: 00002FD0 Flags: 00000050 Code: 00002FC8 Name: 7-foldable
Address: 00002FD0 Link: 00003000 Flags: 00000000 Code: 00002FE0 Name: constant
Address: 00003000 Link: 00003022 Flags: 00000000 Code: 00003010 Name: 2constant
Address: 00003022 Link: 00003086 Flags: 00000000 Code: 00003030 Name: smudge
Address: 00003086 Link: 00003108 Flags: 00000000 Code: 00003096 Name: setflags
Address: 00003108 Link: 00003124 Flags: 00000041 Code: 00003116 Name: aligned
Address: 00003124 Link: 0000314A Flags: 00000000 Code: 00003130 Name: align
Address: 0000314A Link: 00003192 Flags: 00000000 Code: 00003154 Name: h,
Address: 00003192 Link: 000031AC Flags: 00000000 Code: 0000319A Name: ,
Address: 000031AC Link: 000031C8 Flags: 00000000 Code: 000031B6 Name: ><,
Address: 000031C8 Link: 00003230 Flags: 00000000 Code: 000031D6 Name: string,
Address: 00003230 Link: 00003290 Flags: 00000000 Code: 0000323C Name: allot
Address: 00003290 Link: 000032BC Flags: 00000000 Code: 000032A4 Name: compiletoram?
Address: 000032BC Link: 000032E0 Flags: 00000000 Code: 000032D0 Name: compiletoram
Address: 000032E0 Link: 0000336C Flags: 00000000 Code: 000032F6 Name: compiletoflash
Address: 0000336C Link: 00003462 Flags: 00000000 Code: 0000337C Name: (create)
Address: 00003462 Link: 0000347A Flags: 00000000 Code: 00003472 Name: variable
Address: 0000347A Link: 00003492 Flags: 00000000 Code: 0000348A Name: 2variable
Address: 00003492 Link: 00003570 Flags: 00000000 Code: 000034A2 Name: nvariable
Address: 00003570 Link: 00003650 Flags: 00000000 Code: 0000357E Name: buffer:
Address: 00003650 Link: 00003682 Flags: 00000000 Code: 00003666 Name: dictionarystart
Address: 00003682 Link: 000036BE Flags: 00000000 Code: 00003698 Name: dictionarynext
Address: 000036BE Link: 000036F0 Flags: 00000000 Code: 000036D0 Name: skipstring
Address: 000036F0 Link: 0000377C Flags: 00000000 Code: 000036FC Name: find
Address: 0000377C Link: 000037DC Flags: 00000000 Code: 0000378A Name: cjump,
Address: 000037DC Link: 00003816 Flags: 00000000 Code: 000037E8 Name: jump,
Address: 00003816 Link: 0000382E Flags: 00000000 Code: 00003822 Name: here
Address: 0000382E Link: 00003964 Flags: 00000000 Code: 00003842 Name: flashvar-here
Address: 00003964 Link: 00003990 Flags: 00000030 Code: 00003970 Name: then
Address: 00003990 Link: 000039AC Flags: 00000030 Code: 0000399C Name: else
Address: 000039AC Link: 00003A02 Flags: 00000630 Code: 000039B6 Name: if
Address: 00003A02 Link: 00003A1C Flags: 00000030 Code: 00003A0E Name: ahead
Address: 00003A1C Link: 00003A36 Flags: 00000030 Code: 00003A2A Name: repeat
Address: 00003A36 Link: 00003A7A Flags: 00000630 Code: 00003A42 Name: while
Address: 00003A7A Link: 00003ADA Flags: 00000630 Code: 00003A86 Name: until
Address: 00003ADA Link: 00003AEE Flags: 00000030 Code: 00003AE6 Name: again
Address: 00003AEE Link: 00003B14 Flags: 00000030 Code: 00003AFA Name: begin
Address: 00003B14 Link: 00003B2E Flags: 00000220 Code: 00003B1C Name: k
Address: 00003B2E Link: 00003B5C Flags: 00000220 Code: 00003B36 Name: j
Address: 00003B5C Link: 00003B88 Flags: 00000220 Code: 00003B64 Name: i
Address: 00003B88 Link: 00003BC6 Flags: 00000030 Code: 00003B94 Name: leave
Address: 00003BC6 Link: 00003BD8 Flags: 00000020 Code: 00003BD4 Name: unloop
Address: 00003BD8 Link: 00003C10 Flags: 00000030 Code: 00003BE4 Name: +loop
Address: 00003C10 Link: 00003C52 Flags: 00000030 Code: 00003C1C Name: loop
Address: 00003C52 Link: 00003C9A Flags: 00000230 Code: 00003C5C Name: do
Address: 00003C9A Link: 00003D80 Flags: 00000230 Code: 00003CA4 Name: ?do
Address: 00003D80 Link: 00003DA0 Flags: 00000030 Code: 00003D8C Name: case
Address: 00003DA0 Link: 00003DB6 Flags: 00000030 Code: 00003DAA Name: ?of
Address: 00003DB6 Link: 00003E7C Flags: 00000230 Code: 00003DC0 Name: of
Address: 00003E7C Link: 00003EB2 Flags: 00000030 Code: 00003E88 Name: endof
Address: 00003EB2 Link: 00003F04 Flags: 00000030 Code: 00003EC0 Name: endcase
Address: 00003F04 Link: 00003F18 Flags: 00000000 Code: 00003F10 Name: token
Address: 00003F18 Link: 00003F80 Flags: 00000000 Code: 00003F24 Name: parse
Address: 00003F80 Link: 00003FBE Flags: 00000000 Code: 00003F8C Name: digit
Address: 00003FBE Link: 000040C8 Flags: 00000000 Code: 00003FCC Name: number
Address: 000040C8 Link: 000040EA Flags: 00000000 Code: 000040D6 Name: .digit
Address: 000040EA Link: 00004120 Flags: 00000000 Code: 000040F6 Name: hold
Address: 00004120 Link: 00004140 Flags: 00000000 Code: 0000412C Name: hold<
Address: 00004140 Link: 00004158 Flags: 00000000 Code: 0000414C Name: sign
Address: 00004158 Link: 0000416C Flags: 00000000 Code: 00004162 Name: #>
Address: 0000416C Link: 00004184 Flags: 00000000 Code: 00004176 Name: f#S
Address: 00004184 Link: 000041A6 Flags: 00000000 Code: 0000418E Name: f#
Address: 000041A6 Link: 000041C2 Flags: 00000000 Code: 000041B0 Name: #S
Address: 000041C2 Link: 000041EE Flags: 00000000 Code: 000041CA Name: #
Address: 000041EE Link: 00004200 Flags: 00000000 Code: 000041F8 Name: <#
Address: 00004200 Link: 00004212 Flags: 00000000 Code: 0000420A Name: f.
Address: 00004212 Link: 00004260 Flags: 00000000 Code: 0000421C Name: f.n
Address: 00004260 Link: 00004276 Flags: 00000000 Code: 0000426A Name: ud.
Address: 00004276 Link: 000042A8 Flags: 00000000 Code: 00004280 Name: d.
Address: 000042A8 Link: 000042BA Flags: 00000000 Code: 000042B2 Name: u.
Address: 000042BA Link: 00004490 Flags: 00000000 Code: 000042C2 Name: .
Address: 00004490 Link: 000044D8 Flags: 00000000 Code: 000044A0 Name: evaluate
Address: 000044D8 Link: 000045D4 Flags: 00000000 Code: 000044E8 Name: interpret
Address: 000045D4 Link: 000045F0 Flags: 00000081 Code: 000045E4 Name: hook-quit
Address: 000045F0 Link: 00004670 Flags: 00000000 Code: 000045FC Name: quit
Address: 00004670 Link: 0000468A Flags: 00000000 Code: 0000467C Name: eint?
Address: 0000468A Link: 0000469A Flags: 00000020 Code: 00004696 Name: eint
Address: 0000469A Link: 000046AA Flags: 00000020 Code: 000046A6 Name: dint
Address: 000046AA Link: 000046C0 Flags: 00000020 Code: 000046B6 Name: ipsr
Address: 000046C0 Link: 000046CC Flags: 00000000 Code: 000046CA Name: nop
Address: 000046CC Link: 0000470E Flags: 00000000 Code: 000046DC Name: unhandled
Address: 0000470E Link: 00004724 Flags: 00000000 Code: 0000471A Name: reset
Address: 00004724 Link: 00004750 Flags: 00000081 Code: 00004736 Name: irq-systick
Address: 00004750 Link: 0000477A Flags: 00000081 Code: 00004760 Name: irq-fault
Address: 0000477A Link: 000047AA Flags: 00000081 Code: 00004790 Name: irq-collection
Address: 000047AA Link: 000047D2 Flags: 00000081 Code: 000047B8 Name: irq-rtc
Address: 000047D2 Link: 000047FC Flags: 00000081 Code: 000047E2 Name: irq-exti0
Address: 000047FC Link: 00004826 Flags: 00000081 Code: 0000480C Name: irq-exti1
Address: 00004826 Link: 00004850 Flags: 00000081 Code: 00004836 Name: irq-exti2
Address: 00004850 Link: 0000487A Flags: 00000081 Code: 00004860 Name: irq-exti3
Address: 0000487A Link: 000048A4 Flags: 00000081 Code: 0000488A Name: irq-exti4
Address: 000048A4 Link: 000048CC Flags: 00000081 Code: 000048B2 Name: irq-adc
Address: 000048CC Link: 000048F6 Flags: 00000081 Code: 000048DC Name: irq-exti5
Address: 000048F6 Link: 00004922 Flags: 00000081 Code: 00004908 Name: irq-tim1brk
Address: 00004922 Link: 0000494E Flags: 00000081 Code: 00004934 Name: irq-tim1up
Address: 0000494E Link: 0000497A Flags: 00000081 Code: 00004960 Name: irq-tim1trg
Address: 0000497A Link: 000049A6 Flags: 00000081 Code: 0000498C Name: irq-tim1cc
Address: 000049A6 Link: 000049D0 Flags: 00000081 Code: 000049B6 Name: irq-tim2
Address: 000049D0 Link: 000049FA Flags: 00000081 Code: 000049E0 Name: irq-tim3
Address: 000049FA Link: 00004A24 Flags: 00000081 Code: 00004A0A Name: irq-tim4
Address: 00004A24 Link: 00004A50 Flags: 00000081 Code: 00004A36 Name: irq-i2c1ev
Address: 00004A50 Link: 00004A7C Flags: 00000081 Code: 00004A62 Name: irq-i2c1er
Address: 00004A7C Link: 00004AA8 Flags: 00000081 Code: 00004A8E Name: irq-i2c2ev
Address: 00004AA8 Link: 00004AD4 Flags: 00000081 Code: 00004ABA Name: irq-i2c2er
Address: 00004AD4 Link: 00004AFC Flags: 00000081 Code: 00004AE4 Name: irq-spi1
Address: 00004AFC Link: 00004B24 Flags: 00000081 Code: 00004B0C Name: irq-spi2
Address: 00004B24 Link: 00004B4E Flags: 00000081 Code: 00004B36 Name: irq-usart1
Address: 00004B4E Link: 00004B78 Flags: 00000081 Code: 00004B60 Name: irq-usart2
Address: 00004B78 Link: 00004BA2 Flags: 00000081 Code: 00004B8A Name: irq-usart3
Address: 00004BA2 Link: 00004BCC Flags: 00000081 Code: 00004BB4 Name: irq-exti10
Address: 00004BCC Link: 00004BF8 Flags: 00000081 Code: 00004BE0 Name: irq-rtcalarm
Address: 00004BF8 Link: 00004C22 Flags: 00000081 Code: 00004C0A Name: irq-usbwkup
Address: 00004C22 Link: 00004C4A Flags: 00000081 Code: 00004C32 Name: irq-tim5
Address: 00004C4A Link: 00004C72 Flags: 00000081 Code: 00004C5A Name: irq-spi3
Address: 00004C72 Link: 00004C9A Flags: 00000081 Code: 00004C82 Name: irq-uart4
Address: 00004C9A Link: 00004CC2 Flags: 00000081 Code: 00004CAA Name: irq-uart5
Address: 00004CC2 Link: 00004CEA Flags: 00000081 Code: 00004CD2 Name: irq-tim6
Address: 00004CEA Link: 00004D12 Flags: 00000081 Code: 00004CFA Name: irq-tim7
Address: 00004D12 Link: 00004D3A Flags: 00000081 Code: 00004D22 Name: irq-usbfs
Address: 00004D3A Link: 00005000 Flags: 0000FFFF Code: 00004D5A Name: --- Flash Dictionary ---
Address: 00005000 Link: 0000504C Flags: 00000000 Code: 00005014 Name: listrangehex
Address: 0000504C Link: 00005070 Flags: 00000000 Code: 00005058 Name: @|+!
Address: 00005070 Link: 0000508C Flags: 00000040 Code: 00005080 Name: TIM2_BASE
Address: 0000508C Link: 000050AC Flags: 00000040 Code: 0000509C Name: TIM3_BASE
Address: 000050AC Link: 000050CC Flags: 00000040 Code: 000050BC Name: TIM4_BASE
Address: 000050CC Link: 000050EC Flags: 00000040 Code: 000050DC Name: RTC_BASE
Address: 000050EC Link: 0000510C Flags: 00000040 Code: 000050FC Name: WWDG_BASE
Address: 0000510C Link: 0000512C Flags: 00000040 Code: 0000511C Name: IWDG_BASE
Address: 0000512C Link: 0000514C Flags: 00000040 Code: 0000513C Name: SPI2_BASE
Address: 0000514C Link: 0000516C Flags: 00000040 Code: 0000515E Name: USART2_BASE
Address: 0000516C Link: 0000518C Flags: 00000040 Code: 0000517E Name: USART3_BASE
Address: 0000518C Link: 000051AC Flags: 00000040 Code: 0000519C Name: I2C1_BASE
Address: 000051AC Link: 000051CC Flags: 00000040 Code: 000051BC Name: I2C2_BASE
Address: 000051CC Link: 000051EC Flags: 00000040 Code: 000051DC Name: USB_BASE
Address: 000051EC Link: 00005210 Flags: 00000040 Code: 00005202 Name: SHARED_REG_BASE
Address: 00005210 Link: 00005230 Flags: 00000040 Code: 00005222 Name: bxCAN_BASE
Address: 00005230 Link: 00005250 Flags: 00000040 Code: 00005240 Name: BKP_BASE
Address: 00005250 Link: 00005270 Flags: 00000040 Code: 00005260 Name: PWR_BASE
Address: 00005270 Link: 00005290 Flags: 00000040 Code: 00005280 Name: AFIO_BASE
Address: 00005290 Link: 000052B0 Flags: 00000040 Code: 000052A0 Name: EXTI_BASE
Address: 000052B0 Link: 000052D0 Flags: 00000040 Code: 000052C2 Name: GPIOA_BASE
Address: 000052D0 Link: 000052F0 Flags: 00000040 Code: 000052E2 Name: GPIOB_BASE
Address: 000052F0 Link: 00005310 Flags: 00000040 Code: 00005302 Name: GPIOC_BASE
Address: 00005310 Link: 00005330 Flags: 00000040 Code: 00005322 Name: GPIOD_BASE
Address: 00005330 Link: 00005350 Flags: 00000040 Code: 00005342 Name: GPIOE_BASE
Address: 00005350 Link: 00005370 Flags: 00000040 Code: 00005360 Name: ADC1_BASE
Address: 00005370 Link: 00005390 Flags: 00000040 Code: 00005380 Name: ADC2_BASE
Address: 00005390 Link: 000053B0 Flags: 00000040 Code: 000053A0 Name: TIM1_BASE
Address: 000053B0 Link: 000053D0 Flags: 00000040 Code: 000053C0 Name: SPI1_BASE
Address: 000053D0 Link: 000053F0 Flags: 00000040 Code: 000053E2 Name: USART1_BASE
Address: 000053F0 Link: 00005410 Flags: 00000040 Code: 00005400 Name: DMA_BASE
Address: 00005410 Link: 00005430 Flags: 00000040 Code: 00005420 Name: RCC_BASE
Address: 00005430 Link: 00005450 Flags: 00000040 Code: 00005442 Name: FLASH_BASE
Address: 00005450 Link: 00005474 Flags: 00000040 Code: 00005464 Name: CRC_BASE_BASE
Address: 00005474 Link: 00005498 Flags: 00000040 Code: 00005488 Name: SYSTICK_BASE
Address: 00005498 Link: 000054B8 Flags: 00000040 Code: 000054A8 Name: NVIC_BASE
Address: 000054B8 Link: 000054D8 Flags: 00000040 Code: 000054C8 Name: SCB_BASE
Address: 000054D8 Link: 000054F8 Flags: 00000040 Code: 000054E8 Name: MPU_BASE
Address: 000054F8 Link: 00005518 Flags: 00000040 Code: 0000550A Name: DBGMCU_BASE
Address: 00005518 Link: 0000553C Flags: 00000040 Code: 0000552C Name: DBGMCU_IDCODE
Address: 0000553C Link: 0000555C Flags: 00000040 Code: 0000554C Name: DBGMCU_CR
Address: 0000555C Link: 00005574 Flags: 00000040 Code: 0000556A Name: TIM_CR1
Address: 00005574 Link: 0000558C Flags: 00000040 Code: 00005582 Name: TIM_CR2
Address: 0000558C Link: 000055A4 Flags: 00000040 Code: 0000559C Name: TIM_SMCR
Address: 000055A4 Link: 000055BC Flags: 00000040 Code: 000055B4 Name: TIM_DIER
Address: 000055BC Link: 000055D4 Flags: 00000040 Code: 000055CA Name: TIM_SR
Address: 000055D4 Link: 000055EC Flags: 00000040 Code: 000055E2 Name: TIM_EGR
Address: 000055EC Link: 00005604 Flags: 00000040 Code: 000055FC Name: TIM_CCMR1
Address: 00005604 Link: 0000561C Flags: 00000040 Code: 00005614 Name: TIM_CCMR2
Address: 0000561C Link: 00005634 Flags: 00000040 Code: 0000562C Name: TIM_CCER
Address: 00005634 Link: 0000564C Flags: 00000040 Code: 00005642 Name: TIM_CNT
Address: 0000564C Link: 00005664 Flags: 00000040 Code: 0000565A Name: TIM_PSC
Address: 00005664 Link: 0000567C Flags: 00000040 Code: 00005672 Name: TIM_ARR
Address: 0000567C Link: 00005694 Flags: 00000040 Code: 0000568A Name: TIM_RCR
Address: 00005694 Link: 000056AC Flags: 00000040 Code: 000056A4 Name: TIM_CCR1
Address: 000056AC Link: 000056C4 Flags: 00000040 Code: 000056BC Name: TIM_CCR2
Address: 000056C4 Link: 000056DC Flags: 00000040 Code: 000056D4 Name: TIM_CCR3
Address: 000056DC Link: 000056F4 Flags: 00000040 Code: 000056EC Name: TIM_CCR4
Address: 000056F4 Link: 0000570C Flags: 00000040 Code: 00005704 Name: TIM_BDTR
Address: 0000570C Link: 00005724 Flags: 00000040 Code: 0000571A Name: TIM_DCR
Address: 00005724 Link: 0000573C Flags: 00000040 Code: 00005734 Name: TIM_DMAR
Address: 0000573C Link: 00005754 Flags: 00000040 Code: 0000574A Name: RTC_CRH
Address: 00005754 Link: 0000576C Flags: 00000040 Code: 00005762 Name: RTC_CRL
Address: 0000576C Link: 00005784 Flags: 00000040 Code: 0000577C Name: RTC_PRLH
Address: 00005784 Link: 0000579C Flags: 00000040 Code: 00005794 Name: RTC_PRLL
Address: 0000579C Link: 000057B4 Flags: 00000040 Code: 000057AC Name: RTC_DIVH
Address: 000057B4 Link: 000057CC Flags: 00000040 Code: 000057C4 Name: RTC_DIVL
Address: 000057CC Link: 000057E4 Flags: 00000040 Code: 000057DC Name: RTC_CNTH
Address: 000057E4 Link: 000057FC Flags: 00000040 Code: 000057F4 Name: RTC_CNTL
Address: 000057FC Link: 00005814 Flags: 00000040 Code: 0000580C Name: RTC_ALRH
Address: 00005814 Link: 0000582C Flags: 00000040 Code: 00005824 Name: RTC_ALRL
Address: 0000582C Link: 00005844 Flags: 00000040 Code: 0000583A Name: WWDG_CR
Address: 00005844 Link: 0000585C Flags: 00000040 Code: 00005854 Name: WWDG_CFR
Address: 0000585C Link: 00005874 Flags: 00000040 Code: 0000586A Name: WWDG_SR
Address: 00005874 Link: 0000588C Flags: 00000040 Code: 00005882 Name: IWDG_KR
Address: 0000588C Link: 000058A4 Flags: 00000040 Code: 0000589A Name: IWDG_PR
Address: 000058A4 Link: 000058BC Flags: 00000040 Code: 000058B4 Name: IWDG_RLR
Address: 000058BC Link: 000058D4 Flags: 00000040 Code: 000058CA Name: IWDG_SR
Address: 000058D4 Link: 000058EC Flags: 00000040 Code: 000058E2 Name: SPI_CR1
Address: 000058EC Link: 00005904 Flags: 00000040 Code: 000058FA Name: SPI_CR2
Address: 00005904 Link: 0000591C Flags: 00000040 Code: 00005912 Name: SPI_SR
Address: 0000591C Link: 00005934 Flags: 00000040 Code: 0000592A Name: SPI_DR
Address: 00005934 Link: 0000594C Flags: 00000040 Code: 00005944 Name: SPI_CRCPR
Address: 0000594C Link: 00005968 Flags: 00000040 Code: 0000595E Name: SPI_RXCRCR
Address: 00005968 Link: 00005984 Flags: 00000040 Code: 0000597A Name: SPI_TXCRCR
Address: 00005984 Link: 000059A0 Flags: 00000040 Code: 00005996 Name: SPI_I2SCFGR
Address: 000059A0 Link: 000059B8 Flags: 00000040 Code: 000059B0 Name: SPI_I2SPR
Address: 000059B8 Link: 000059D0 Flags: 00000040 Code: 000059C8 Name: USART_SR
Address: 000059D0 Link: 000059E8 Flags: 00000040 Code: 000059E0 Name: USART_DR
Address: 000059E8 Link: 00005A00 Flags: 00000040 Code: 000059F8 Name: USART_BRR
Address: 00005A00 Link: 00005A18 Flags: 00000040 Code: 00005A10 Name: USART_CR1
Address: 00005A18 Link: 00005A30 Flags: 00000040 Code: 00005A28 Name: USART_CR2
Address: 00005A30 Link: 00005A48 Flags: 00000040 Code: 00005A40 Name: USART_CR3
Address: 00005A48 Link: 00005A64 Flags: 00000040 Code: 00005A5A Name: USART_GTPR
Address: 00005A64 Link: 00005A7C Flags: 00000040 Code: 00005A72 Name: I2C_CR1
Address: 00005A7C Link: 00005A94 Flags: 00000040 Code: 00005A8A Name: I2C_CR2
Address: 00005A94 Link: 00005AAC Flags: 00000040 Code: 00005AA4 Name: I2C_OAR1
Address: 00005AAC Link: 00005AC4 Flags: 00000040 Code: 00005ABC Name: I2C_OAR2
Address: 00005AC4 Link: 00005ADC Flags: 00000040 Code: 00005AD2 Name: I2C_DR
Address: 00005ADC Link: 00005AF4 Flags: 00000040 Code: 00005AEA Name: I2C_SR1
Address: 00005AF4 Link: 00005B0C Flags: 00000040 Code: 00005B02 Name: I2C_SR2
Address: 00005B0C Link: 00005B24 Flags: 00000040 Code: 00005B1A Name: I2C_CCR
Address: 00005B24 Link: 00005B3C Flags: 00000040 Code: 00005B34 Name: I2C_TRISE
Address: 00005B3C Link: 00005B54 Flags: 00000040 Code: 00005B4C Name: USB_EP0R
Address: 00005B54 Link: 00005B6C Flags: 00000040 Code: 00005B64 Name: USB_EP1R
Address: 00005B6C Link: 00005B84 Flags: 00000040 Code: 00005B7C Name: USB_EP2R
Address: 00005B84 Link: 00005B9C Flags: 00000040 Code: 00005B94 Name: USB_EP3R
Address: 00005B9C Link: 00005BB4 Flags: 00000040 Code: 00005BAC Name: USB_EP4R
Address: 00005BB4 Link: 00005BCC Flags: 00000040 Code: 00005BC4 Name: USB_EP5R
Address: 00005BCC Link: 00005BE4 Flags: 00000040 Code: 00005BDC Name: USB_EP6R
Address: 00005BE4 Link: 00005BFC Flags: 00000040 Code: 00005BF4 Name: USB_SP7R
Address: 00005BFC Link: 00005C14 Flags: 00000040 Code: 00005C0C Name: USB_CNTR
Address: 00005C14 Link: 00005C2C Flags: 00000040 Code: 00005C24 Name: USB_ISTR
Address: 00005C2C Link: 00005C44 Flags: 00000040 Code: 00005C3A Name: USB_FNR
Address: 00005C44 Link: 00005C5C Flags: 00000040 Code: 00005C54 Name: USB_DADDR
Address: 00005C5C Link: 00005C78 Flags: 00000040 Code: 00005C6E Name: USB_BTABLE
Address: 00005C78 Link: 00005C90 Flags: 00000040 Code: 00005C86 Name: BKP_DR1
Address: 00005C90 Link: 00005CA8 Flags: 00000040 Code: 00005C9E Name: PWR_CR
Address: 00005CA8 Link: 00005CC0 Flags: 00000040 Code: 00005CB6 Name: PWR_CSR
Address: 00005CC0 Link: 00005CD8 Flags: 00000040 Code: 00005CD0 Name: AFIO_EVCR
Address: 00005CD8 Link: 00005CF0 Flags: 00000040 Code: 00005CE8 Name: AFIO_MAPR
Address: 00005CF0 Link: 00005D0C Flags: 00000040 Code: 00005D04 Name: AFIO_EXTICR1
Address: 00005D0C Link: 00005D28 Flags: 00000040 Code: 00005D20 Name: AFIO_EXTICR2
Address: 00005D28 Link: 00005D44 Flags: 00000040 Code: 00005D3C Name: AFIO_EXTICR3
Address: 00005D44 Link: 00005D60 Flags: 00000040 Code: 00005D58 Name: AFIO_EXTICR4
Address: 00005D60 Link: 00005D7C Flags: 00000040 Code: 00005D72 Name: AFIO_MAPR2
Address: 00005D7C Link: 00005D94 Flags: 00000040 Code: 00005D8C Name: EXTI_IMR
Address: 00005D94 Link: 00005DAC Flags: 00000040 Code: 00005DA4 Name: EXTI_EMR
Address: 00005DAC Link: 00005DC4 Flags: 00000040 Code: 00005DBC Name: EXTI_RTSR
Address: 00005DC4 Link: 00005DDC Flags: 00000040 Code: 00005DD4 Name: EXTI_FTSR
Address: 00005DDC Link: 00005DF4 Flags: 00000040 Code: 00005DEC Name: EXTI_SWER
Address: 00005DF4 Link: 00005E0C Flags: 00000040 Code: 00005E02 Name: EXTI_PR
Address: 00005E0C Link: 00005E24 Flags: 00000040 Code: 00005E1C Name: GPIO_CRL
Address: 00005E24 Link: 00005E3C Flags: 00000040 Code: 00005E34 Name: GPIO_CRH
Address: 00005E3C Link: 00005E54 Flags: 00000040 Code: 00005E4C Name: GPIO_IDR
Address: 00005E54 Link: 00005E6C Flags: 00000040 Code: 00005E64 Name: GPIO_ODR
Address: 00005E6C Link: 00005E84 Flags: 00000040 Code: 00005E7C Name: GPIO_BSRR
Address: 00005E84 Link: 00005E9C Flags: 00000040 Code: 00005E94 Name: GPIO_BRR
Address: 00005E9C Link: 00005EB4 Flags: 00000040 Code: 00005EAC Name: GPIO_LCKR
Address: 00005EB4 Link: 00005ECC Flags: 00000040 Code: 00005EC2 Name: ADC_SR
Address: 00005ECC Link: 00005EE4 Flags: 00000040 Code: 00005EDA Name: ADC_CR1
Address: 00005EE4 Link: 00005EFC Flags: 00000040 Code: 00005EF2 Name: ADC_CR2
Address: 00005EFC Link: 00005F14 Flags: 00000040 Code: 00005F0C Name: ADC_SMPR1
Address: 00005F14 Link: 00005F2C Flags: 00000040 Code: 00005F24 Name: ADC_SMPR2
Address: 00005F2C Link: 00005F44 Flags: 00000040 Code: 00005F3C Name: ADC_JOFR1
Address: 00005F44 Link: 00005F5C Flags: 00000040 Code: 00005F54 Name: ADC_JOFR2
Address: 00005F5C Link: 00005F74 Flags: 00000040 Code: 00005F6C Name: ADC_JOFR3
Address: 00005F74 Link: 00005F8C Flags: 00000040 Code: 00005F84 Name: ADC_JOFR4
Address: 00005F8C Link: 00005FA4 Flags: 00000040 Code: 00005F9A Name: ADC_HTR
Address: 00005FA4 Link: 00005FBC Flags: 00000040 Code: 00005FB2 Name: ADC_LTR
Address: 00005FBC Link: 00005FD4 Flags: 00000040 Code: 00005FCC Name: ADC_SQR1
Address: 00005FD4 Link: 00005FEC Flags: 00000040 Code: 00005FE4 Name: ADC_SQR2
Address: 00005FEC Link: 00006004 Flags: 00000040 Code: 00005FFC Name: ADC_SQR3
Address: 00006004 Link: 0000601C Flags: 00000040 Code: 00006014 Name: ADC_JSQR
Address: 0000601C Link: 00006034 Flags: 00000040 Code: 0000602C Name: ADC_JDR1
Address: 00006034 Link: 0000604C Flags: 00000040 Code: 00006044 Name: ADC_JDR2
Address: 0000604C Link: 00006064 Flags: 00000040 Code: 0000605C Name: ADC_JDR3
Address: 00006064 Link: 0000607C Flags: 00000040 Code: 00006074 Name: ADC_JDR4
Address: 0000607C Link: 00006094 Flags: 00000040 Code: 0000608A Name: ADC_DR
Address: 00006094 Link: 000060AC Flags: 00000040 Code: 000060A2 Name: DMA_ISR
Address: 000060AC Link: 000060C4 Flags: 00000040 Code: 000060BC Name: DMA_IFCR
Address: 000060C4 Link: 000060DC Flags: 00000040 Code: 000060D4 Name: DMA_CCR1
Address: 000060DC Link: 000060F8 Flags: 00000040 Code: 000060EE Name: DMA_CNDTR1
Address: 000060F8 Link: 00006110 Flags: 00000040 Code: 00006108 Name: DMA_CPAR1
Address: 00006110 Link: 00006128 Flags: 00000040 Code: 00006120 Name: DMA_CMAR1
Address: 00006128 Link: 00006140 Flags: 00000040 Code: 00006138 Name: DMA_CCR2
Address: 00006140 Link: 0000615C Flags: 00000040 Code: 00006152 Name: DMA_CNDTR2
Address: 0000615C Link: 00006174 Flags: 00000040 Code: 0000616C Name: DMA_CPAR2
Address: 00006174 Link: 0000618C Flags: 00000040 Code: 00006184 Name: DMA_CMAR2
Address: 0000618C Link: 000061A4 Flags: 00000040 Code: 0000619C Name: DMA_CCR3
Address: 000061A4 Link: 000061C0 Flags: 00000040 Code: 000061B6 Name: DMA_CNDTR3
Address: 000061C0 Link: 000061D8 Flags: 00000040 Code: 000061D0 Name: DMA_CPAR3
Address: 000061D8 Link: 000061F0 Flags: 00000040 Code: 000061E8 Name: DMA_CMAR3
Address: 000061F0 Link: 00006208 Flags: 00000040 Code: 00006200 Name: DMA_CCR4
Address: 00006208 Link: 00006224 Flags: 00000040 Code: 0000621A Name: DMA_CNDTR4
Address: 00006224 Link: 0000623C Flags: 00000040 Code: 00006234 Name: DMA_CPAR4
Address: 0000623C Link: 00006254 Flags: 00000040 Code: 0000624C Name: DMA_CMAR4
Address: 00006254 Link: 0000626C Flags: 00000040 Code: 00006264 Name: DMA_CCR5
Address: 0000626C Link: 00006288 Flags: 00000040 Code: 0000627E Name: DMA_CNDTR5
Address: 00006288 Link: 000062A0 Flags: 00000040 Code: 00006298 Name: DMA_CPAR5
Address: 000062A0 Link: 000062B8 Flags: 00000040 Code: 000062B0 Name: DMA_CMAR5
Address: 000062B8 Link: 000062D0 Flags: 00000040 Code: 000062C8 Name: DMA_CCR6
Address: 000062D0 Link: 000062EC Flags: 00000040 Code: 000062E2 Name: DMA_CNDTR6
Address: 000062EC Link: 00006304 Flags: 00000040 Code: 000062FC Name: DMA_CPAR6
Address: 00006304 Link: 0000631C Flags: 00000040 Code: 00006314 Name: DMA_CMAR6
Address: 0000631C Link: 00006334 Flags: 00000040 Code: 0000632C Name: DMA_CCR7
Address: 00006334 Link: 00006350 Flags: 00000040 Code: 00006346 Name: DMA_CNDTR7
Address: 00006350 Link: 00006368 Flags: 00000040 Code: 00006360 Name: DMA_CPAR7
Address: 00006368 Link: 00006380 Flags: 00000040 Code: 00006378 Name: DMA_CMAR7
Address: 00006380 Link: 00006398 Flags: 00000040 Code: 0000638E Name: RCC_CR
Address: 00006398 Link: 000063B0 Flags: 00000040 Code: 000063A8 Name: RCC_CFGR
Address: 000063B0 Link: 000063C8 Flags: 00000040 Code: 000063BE Name: RCC_CIR
Address: 000063C8 Link: 000063E4 Flags: 00000040 Code: 000063DC Name: RCC_APB2RSTR
Address: 000063E4 Link: 00006400 Flags: 00000040 Code: 000063F8 Name: RCC_APB1RSTR
Address: 00006400 Link: 0000641C Flags: 00000040 Code: 00006412 Name: RCC_AHBENR
Address: 0000641C Link: 00006438 Flags: 00000040 Code: 0000642E Name: RCC_APB2ENR
Address: 00006438 Link: 00006454 Flags: 00000040 Code: 0000644A Name: RCC_APB1ENR
Address: 00006454 Link: 0000646C Flags: 00000040 Code: 00006464 Name: RCC_BDCR
Address: 0000646C Link: 00006484 Flags: 00000040 Code: 0000647A Name: RCC_CSR
Address: 00006484 Link: 000064A0 Flags: 00000040 Code: 00006496 Name: RCC_AHBRSTR
Address: 000064A0 Link: 000064B8 Flags: 00000040 Code: 000064B0 Name: RCC_CFGR2
Address: 000064B8 Link: 000064D0 Flags: 00000040 Code: 000064C8 Name: RCC_CFGR3
Address: 000064D0 Link: 000064E8 Flags: 00000040 Code: 000064DE Name: RCC_CR2
Address: 000064E8 Link: 00006500 Flags: 00000040 Code: 000064F8 Name: FLASH_ACR
Address: 00006500 Link: 0000651C Flags: 00000040 Code: 00006512 Name: FLASH_KEYR
Address: 0000651C Link: 00006538 Flags: 00000040 Code: 00006530 Name: FLASH_OPTKEYR
Address: 00006538 Link: 00006550 Flags: 00000040 Code: 00006548 Name: FLASH_SR
Address: 00006550 Link: 00006568 Flags: 00000040 Code: 00006560 Name: FLASH_CR
Address: 00006568 Link: 00006580 Flags: 00000040 Code: 00006578 Name: FLASH_AR
Address: 00006580 Link: 00006598 Flags: 00000040 Code: 00006590 Name: FLASH_OBR
Address: 00006598 Link: 000065B4 Flags: 00000040 Code: 000065AA Name: FLASH_WRPR
Address: 000065B4 Link: 000065CC Flags: 00000040 Code: 000065C2 Name: CRC_DR
Address: 000065CC Link: 000065E4 Flags: 00000040 Code: 000065DA Name: CRC_IDR
Address: 000065E4 Link: 000065FC Flags: 00000040 Code: 000065F2 Name: CRC_CR
Address: 000065FC Link: 00006614 Flags: 00000040 Code: 0000660C Name: CRC_INIT
Address: 00006614 Link: 00006630 Flags: 00000040 Code: 00006626 Name: NVIC_ISER0
Address: 00006630 Link: 0000664C Flags: 00000040 Code: 00006642 Name: NVIC_ISER1
Address: 0000664C Link: 00006668 Flags: 00000040 Code: 0000665E Name: NVIC_ISER2
Address: 00006668 Link: 00006684 Flags: 00000040 Code: 0000667A Name: NVIC_ICER0
Address: 00006684 Link: 000066A0 Flags: 00000040 Code: 00006696 Name: NVIC_ICER1
Address: 000066A0 Link: 000066BC Flags: 00000040 Code: 000066B2 Name: NVIC_ICER2
Address: 000066BC Link: 000066D8 Flags: 00000040 Code: 000066CE Name: NVIC_ISPR0
Address: 000066D8 Link: 000066F4 Flags: 00000040 Code: 000066EA Name: NVIC_ISPR1
Address: 000066F4 Link: 00006710 Flags: 00000040 Code: 00006706 Name: NVIC_ISPR2
Address: 00006710 Link: 0000672C Flags: 00000040 Code: 00006722 Name: NVIC_ICPR0
Address: 0000672C Link: 00006748 Flags: 00000040 Code: 0000673E Name: NVIC_ICPR1
Address: 00006748 Link: 00006764 Flags: 00000040 Code: 0000675A Name: NVIC_ICPR2
Address: 00006764 Link: 00006780 Flags: 00000040 Code: 00006776 Name: NVIC_IABR0
Address: 00006780 Link: 0000679C Flags: 00000040 Code: 00006792 Name: NVIC_IABR1
Address: 0000679C Link: 000067B8 Flags: 00000040 Code: 000067AE Name: NVIC_IABR2
Address: 000067B8 Link: 000067D4 Flags: 00000040 Code: 000067C8 Name: NVIC_IPR0
Address: 000067D4 Link: 000067F0 Flags: 00000040 Code: 000067E4 Name: NVIC_IPR1
Address: 000067F0 Link: 0000680C Flags: 00000040 Code: 00006800 Name: NVIC_IPR2
Address: 0000680C Link: 00006828 Flags: 00000040 Code: 0000681C Name: NVIC_IPR3
Address: 00006828 Link: 00006844 Flags: 00000040 Code: 00006838 Name: NVIC_IPR4
Address: 00006844 Link: 00006860 Flags: 00000040 Code: 00006854 Name: NVIC_IPR5
Address: 00006860 Link: 0000687C Flags: 00000040 Code: 00006870 Name: NVIC_IPR6
Address: 0000687C Link: 00006898 Flags: 00000040 Code: 0000688C Name: NVIC_IPR7
Address: 00006898 Link: 000068B4 Flags: 00000040 Code: 000068A8 Name: NVIC_IPR8
Address: 000068B4 Link: 000068D0 Flags: 00000040 Code: 000068C4 Name: NVIC_IPR9
Address: 000068D0 Link: 000068EC Flags: 00000040 Code: 000068E2 Name: NVIC_IPR10
Address: 000068EC Link: 00006908 Flags: 00000040 Code: 000068FE Name: NVIC_IPR11
Address: 00006908 Link: 00006924 Flags: 00000040 Code: 0000691A Name: NVIC_IPR12
Address: 00006924 Link: 00006940 Flags: 00000040 Code: 00006936 Name: NVIC_IPR13
Address: 00006940 Link: 0000695C Flags: 00000040 Code: 00006952 Name: NVIC_IPR14
Address: 0000695C Link: 00006978 Flags: 00000040 Code: 0000696E Name: NVIC_IPR15
Address: 00006978 Link: 00006994 Flags: 00000040 Code: 0000698A Name: NVIC_IPR16
Address: 00006994 Link: 000069B0 Flags: 00000040 Code: 000069A6 Name: NVIC_IPR17
Address: 000069B0 Link: 000069CC Flags: 00000040 Code: 000069C2 Name: NVIC_IPR18
Address: 000069CC Link: 000069E8 Flags: 00000040 Code: 000069DE Name: NVIC_IPR19
Address: 000069E8 Link: 00006A04 Flags: 00000040 Code: 000069FA Name: NVIC_IPR20
Address: 00006A04 Link: 00006A20 Flags: 00000040 Code: 00006A14 Name: NVIC_STIR
Address: 00006A20 Link: 00006A40 Flags: 00000040 Code: 00006A30 Name: RCC_CR_R
Address: 00006A40 Link: 00006A60 Flags: 00000040 Code: 00006A52 Name: RCC_CFGR_R
Address: 00006A60 Link: 00006A80 Flags: 00000040 Code: 00006A70 Name: RCC_CIR_R
Address: 00006A80 Link: 00006AA4 Flags: 00000040 Code: 00006A96 Name: RCC_APB2RSTR_R
Address: 00006AA4 Link: 00006AC8 Flags: 00000040 Code: 00006ABA Name: RCC_APB1RSTR_R
Address: 00006AC8 Link: 00006AEC Flags: 00000040 Code: 00006ADC Name: RCC_AHBENR_R
Address: 00006AEC Link: 00006B10 Flags: 00000040 Code: 00006B00 Name: RCC_APB2ENR_R
Address: 00006B10 Link: 00006B34 Flags: 00000040 Code: 00006B24 Name: RCC_APB1ENR_R
Address: 00006B34 Link: 00006B54 Flags: 00000040 Code: 00006B46 Name: RCC_BDCR_R
Address: 00006B54 Link: 00006B74 Flags: 00000040 Code: 00006B64 Name: RCC_CSR_R
Address: 00006B74 Link: 00006B98 Flags: 00000040 Code: 00006B88 Name: RCC_AHBRSTR_R
Address: 00006B98 Link: 00006BB8 Flags: 00000040 Code: 00006BAA Name: RCC_CFGR2_R
Address: 00006BB8 Link: 00006BD8 Flags: 00000040 Code: 00006BCA Name: RCC_CFGR3_R
Address: 00006BD8 Link: 00006BF8 Flags: 00000040 Code: 00006BE8 Name: RCC_CR2_R
Address: 00006BF8 Link: 00006C14 Flags: 00000040 Code: 00006C0C Name: HCLK=SYSCLK/1
Address: 00006C14 Link: 00006C30 Flags: 00000040 Code: 00006C28 Name: HCLK=SYSCLK/2
Address: 00006C30 Link: 00006C4C Flags: 00000040 Code: 00006C44 Name: HCLK=SYSCLK/4
Address: 00006C4C Link: 00006C68 Flags: 00000040 Code: 00006C60 Name: HCLK=SYSCLK/8
Address: 00006C68 Link: 00006C88 Flags: 00000040 Code: 00006C7E Name: HCLK=SYSCLK/16
Address: 00006C88 Link: 00006CA8 Flags: 00000040 Code: 00006C9E Name: HCLK=SYSCLK/64
Address: 00006CA8 Link: 00006CC8 Flags: 00000040 Code: 00006CBE Name: HCLK=SYSCLK/128
Address: 00006CC8 Link: 00006CE8 Flags: 00000040 Code: 00006CDE Name: HCLK=SYSCLK/256
Address: 00006CE8 Link: 00006D08 Flags: 00000040 Code: 00006CFE Name: HCLK=SYSCLK/512
Address: 00006D08 Link: 00006D24 Flags: 00000040 Code: 00006D1C Name: PCLK1=HCLK/1
Address: 00006D24 Link: 00006D44 Flags: 00000040 Code: 00006D38 Name: PCLK1=HCLK/2
Address: 00006D44 Link: 00006D64 Flags: 00000040 Code: 00006D58 Name: PCLK1=HCLK/4
Address: 00006D64 Link: 00006D84 Flags: 00000040 Code: 00006D78 Name: PCLK1=HCLK/8
Address: 00006D84 Link: 00006DA4 Flags: 00000040 Code: 00006D98 Name: PCLK1=HCLK/16
Address: 00006DA4 Link: 00006DC0 Flags: 00000040 Code: 00006DB8 Name: PCLK2=HCLK/1
Address: 00006DC0 Link: 00006DE0 Flags: 00000040 Code: 00006DD4 Name: PCLK2=HCLK/2
Address: 00006DE0 Link: 00006E00 Flags: 00000040 Code: 00006DF4 Name: PCLK2=HCLK/4
Address: 00006E00 Link: 00006E20 Flags: 00000040 Code: 00006E14 Name: PCLK2=HCLK/8
Address: 00006E20 Link: 00006E40 Flags: 00000040 Code: 00006E34 Name: PCLK2=HCLK/16
Address: 00006E40 Link: 00006E60 Flags: 00000040 Code: 00006E56 Name: ADCCLK=PCLK2/2
Address: 00006E60 Link: 00006E80 Flags: 00000040 Code: 00006E76 Name: ADCCLK=PCLK2/4
Address: 00006E80 Link: 00006EA0 Flags: 00000040 Code: 00006E96 Name: ADCCLK=PCLK2/6
Address: 00006EA0 Link: 00006EC0 Flags: 00000040 Code: 00006EB6 Name: ADCCLK=PCLK2/8
Address: 00006EC0 Link: 00006EE4 Flags: 00000040 Code: 00006ED6 Name: NominalHSIFreq
Address: 00006EE4 Link: 00006F10 Flags: 00000081 Code: 00006EFC Name: ExternalClockFreq
Address: 00006F10 Link: 00006F30 Flags: 00000040 Code: 00006F26 Name: ExternalLSEFreq
Address: 00006F30 Link: 00006F54 Flags: 00000081 Code: 00006F40 Name: BaudRate
Address: 00006F54 Link: 00006F7C Flags: 00000081 Code: 00006F6A Name: SystemCoreClock
Address: 00006F7C Link: 00006FA8 Flags: 00000081 Code: 00006F96 Name: SystemCoreClockOld
Address: 00006FA8 Link: 00006FC8 Flags: 00000081 Code: 00006FB4 Name: pll_m
Address: 00006FC8 Link: 00006FE8 Flags: 00000081 Code: 00006FD4 Name: pre_h
Address: 00006FE8 Link: 00007008 Flags: 00000081 Code: 00006FF6 Name: pre_p1
Address: 00007008 Link: 00007028 Flags: 00000081 Code: 00007016 Name: pre_p2
Address: 00007028 Link: 00007048 Flags: 00000081 Code: 00007036 Name: pre_adc
Address: 00007048 Link: 00007078 Flags: 00000000 Code: 0000705E Name: GetSysClockSrc
Address: 00007078 Link: 000070A0 Flags: 00001820 Code: 0000708A Name: GetHSIFreq
Address: 000070A0 Link: 00007100 Flags: 00000000 Code: 000070B4 Name: GetPllSrcFreq
Address: 00007100 Link: 0000715C Flags: 00000000 Code: 00007112 Name: GetPllFreq
Address: 0000715C Link: 000071D4 Flags: 00000000 Code: 0000716E Name: GetSysClock
Address: 000071D4 Link: 00007204 Flags: 00000000 Code: 000071F0 Name: SystemCoreClockUpdate
Address: 00007204 Link: 00007234 Flags: 00000000 Code: 0000721A Name: rescaleToClock
Address: 00007234 Link: 00007290 Flags: 00000000 Code: 00007242 Name: GetHClk
Address: 00007290 Link: 000072D8 Flags: 00000000 Code: 000072A0 Name: GetPClk1
Address: 000072D8 Link: 00007314 Flags: 00000000 Code: 000072EC Name: getTIM2-4Clk
Address: 00007314 Link: 0000735C Flags: 00000000 Code: 00007324 Name: GetPClk2
Address: 0000735C Link: 00007390 Flags: 00000000 Code: 0000736C Name: GetADCClk
Address: 00007390 Link: 00007408 Flags: 00000000 Code: 000073A0 Name: GetUSBClk
Address: 00007408 Link: 00007428 Flags: 00000000 Code: 0000741E Name: GetI2SClockFreq
Address: 00007428 Link: 00007460 Flags: 00000000 Code: 00007442 Name: GetSysTickTimerClk
Address: 00007460 Link: 00007484 Flags: 00000820 Code: 0000746E Name: SetHPRE
Address: 00007484 Link: 000074AC Flags: 00000820 Code: 00007494 Name: SetPPRE1
Address: 000074AC Link: 000074D4 Flags: 00000820 Code: 000074BC Name: SetPPRE2
Address: 000074D4 Link: 000074FC Flags: 00000820 Code: 000074E4 Name: SetADCPRE
Address: 000074FC Link: 000075FC Flags: 00000000 Code: 00007512 Name: SetSysClockInt
Address: 000075FC Link: 00007774 Flags: 00000000 Code: 00007612 Name: TurnPllClockOn
Address: 00007774 Link: 00007834 Flags: 00000000 Code: 0000778C Name: SetSysClockToPll
Address: 00007834 Link: 0000788C Flags: 00000000 Code: 00007850 Name: ChangeUsart1BaudRate
Address: 0000788C Link: 00007994 Flags: 00000000 Code: 0000789E Name: SetSysClock
Address: 00007994 Link: 000079BC Flags: 00000081 Code: 000079A8 Name: SysTick-Count
Address: 000079BC Link: 000079E4 Flags: 00000081 Code: 000079D0 Name: SysTick-Flag
Address: 000079E4 Link: 00007A28 Flags: 00000000 Code: 000079F6 Name: def-stk-isr
Address: 00007A28 Link: 00007A48 Flags: 00000820 Code: 00007A36 Name: systick
Address: 00007A48 Link: 00007A6C Flags: 00000040 Code: 00007A5E Name: NVIC_ST_CTRL_R
Address: 00007A6C Link: 00007A94 Flags: 00000040 Code: 00007A84 Name: NVIC_ST_RELOAD_R
Address: 00007A94 Link: 00007ABC Flags: 00000040 Code: 00007AAC Name: NVIC_ST_CURRENT_R
Address: 00007ABC Link: 00007AFC Flags: 00000000 Code: 00007ACE Name: systick-1Hz
Address: 00007AFC Link: 00007B38 Flags: 00000000 Code: 00007B0E Name: delay-init
Address: 00007B38 Link: 00007B68 Flags: 00000000 Code: 00007B4A Name: delay-ticks
Address: 00007B68 Link: 00007BF0 Flags: 00000000 Code: 00007B72 Name: us
Address: 00007BF0 Link: 00007C30 Flags: 00000000 Code: 00007C00 Name: setup-ms
Address: 00007C30 Link: 00007C60 Flags: 00000000 Code: 00007C3A Name: ms
Address: 00007C60 Link: 00007CB8 Flags: 00000000 Code: 00007C72 Name: cornerstone
Address: 00007CB8 Link: 00007D38 Flags: 00000000 Code: 00007CC6 Name: init04
Address: 00007D38 Link: 00008000 Flags: 00000000 Code: 00007D4E Name: Rewind-to-Basis
Address: 00008000 Link: 0000804C Flags: 00000000 Code: 00008010 Name: ADCClk->T
Address: 0000804C Link: 0000807C Flags: 00000000 Code: 0000805E Name: T->ADCClk/2
Address: 0000807C Link: 000080E8 Flags: 00000000 Code: 00008092 Name: config-gpio-pin
Address: 000080E8 Link: 00008120 Flags: 00000000 Code: 000080F6 Name: setSmp
Address: 00008120 Link: 00008198 Flags: 00000000 Code: 00008130 Name: setInSmp
Address: 00008198 Link: 000081C8 Flags: 00000000 Code: 000081A8 Name: setInCh1
Address: 000081C8 Link: 0000829C Flags: 00000000 Code: 000081DA Name: initADCIns
Address: 0000829C Link: 000082DC Flags: 00001820 Code: 000082AA Name: testEOC
Address: 000082DC Link: 00008318 Flags: 00001820 Code: 000082EA Name: clearSR
Address: 00008318 Link: 0000835C Flags: 00000000 Code: 0000832A Name: waitForEOC
Address: 0000835C Link: 0000839C Flags: 00001000 Code: 0000836C Name: testEOC1
Address: 0000839C Link: 000083D4 Flags: 00001820 Code: 000083AC Name: clearSR1
Address: 000083D4 Link: 000083FC Flags: 00000000 Code: 000083E6 Name: waitForEOC1
Address: 000083FC Link: 0000843C Flags: 00001000 Code: 0000840C Name: testEOC2
Address: 0000843C Link: 00008474 Flags: 00001820 Code: 0000844C Name: clearSR2
Address: 00008474 Link: 0000849C Flags: 00000000 Code: 00008486 Name: waitForEOC2
Address: 0000849C Link: 000084B0 Flags: 00000040 Code: 000084A8 Name: ADON
Address: 000084B0 Link: 0000851C Flags: 00000000 Code: 000084CC Name: setPrescalerToMaximum
Address: 0000851C Link: 00008590 Flags: 00000000 Code: 0000852E Name: turnADC1-On
Address: 00008590 Link: 000086C0 Flags: 00000000 Code: 000085A0 Name: initADC1
Address: 000086C0 Link: 00008718 Flags: 00000000 Code: 000086DA Name: convertADC1-single
Address: 00008718 Link: 00008738 Flags: 00000081 Code: 00008724 Name: Vdda
Address: 00008738 Link: 0000896C Flags: 00000000 Code: 00008744 Name: .1R6
Address: 0000896C Link: 000089A0 Flags: 00000000 Code: 0000897A Name: convIn1
Address: 000089A0 Link: 000089C4 Flags: 00000140 Code: 000089B0 Name: mynumber
Address: 000089C4 Link: 00008A68 Flags: 00000000 Code: 000089DA Name: calibrate-vdda
Address: 00008A68 Link: 00008A94 Flags: 00000000 Code: 00008A7A Name: Seq-to-sqr
Address: 00008A94 Link: 00008AC0 Flags: 00000000 Code: 00008AA6 Name: Seq-to-Reg
Address: 00008AC0 Link: 00008B20 Flags: 00000000 Code: 00008ACE Name: setInCh
Address: 00008B20 Link: 00008B7C Flags: 00000000 Code: 00008B34 Name: setNumOfChans
Address: 00008B7C Link: 00008C40 Flags: 00000000 Code: 00008B90 Name: calibrate-adc
Address: 00008C40 Link: 00008CD0 Flags: 00000000 Code: 00008C4C Name: init
Address: 00008CD0 Link: 00008D04 Flags: 00000041 Code: 00008CDE Name: bitlog
Address: 00008D04 Link: 00008D38 Flags: 00000041 Code: 00008D12 Name: bitexp
Address: 00008D38 Link: 00008D60 Flags: 00000081 Code: 00008D4C Name: c,collection
Address: 00008D60 Link: 00008DB8 Flags: 00000000 Code: 00008D6A Name: c,
Address: 00008DB8 Link: 00008DE4 Flags: 00000000 Code: 00008DC6 Name: calign
Address: 00008DE4 Link: 00008E08 Flags: 00000000 Code: 00008DF2 Name: romans
Address: 00008E08 Link: 00008E28 Flags: 00000081 Code: 00008E16 Name: column#
Address: 00008E28 Link: 00008E58 Flags: 00001820 Code: 00008E34 Name: ones
Address: 00008E58 Link: 00008E88 Flags: 00001820 Code: 00008E64 Name: tens
Address: 00008E88 Link: 00008EBC Flags: 00001820 Code: 00008E98 Name: hundreds
Address: 00008EBC Link: 00008EF0 Flags: 00001820 Code: 00008ECC Name: thousands
Address: 00008EF0 Link: 00008F14 Flags: 00000000 Code: 00008EFE Name: column
Address: 00008F14 Link: 00008F34 Flags: 00000000 Code: 00008F22 Name: .symbol
Address: 00008F34 Link: 00008F50 Flags: 00000000 Code: 00008F40 Name: oner
Address: 00008F50 Link: 00008F6C Flags: 00000000 Code: 00008F5C Name: fiver
Address: 00008F6C Link: 00008F88 Flags: 00000000 Code: 00008F78 Name: tener
Address: 00008F88 Link: 00008FBC Flags: 00000000 Code: 00008F94 Name: oners
Address: 00008FBC Link: 00008FE4 Flags: 00000000 Code: 00008FCA Name: almost
Address: 00008FE4 Link: 00009024 Flags: 00000000 Code: 00008FF6 Name: romandigit
Address: 00009024 Link: 00009094 Flags: 00000000 Code: 00009030 Name: roman
Address: 00009094 Link: 000090E8 Flags: 00000000 Code: 000090A4 Name: mealtime
Address: 000090E8 Link: 00009154 Flags: 00000000 Code: 00009100 Name: mealsforwholeday
Address: 00009154 Link: 00009170 Flags: 00001861 Code: 00009162 Name: invert
Address: 00009170 Link: 000091A0 Flags: 00001820 Code: 0000917C Name: octal
Address: 000091A0 Link: 000091BC Flags: 00001861 Code: 000091AA Name: sqr
Address: 000091BC Link: 000091D8 Flags: 00000000 Code: 000091C8 Name: star
Address: 000091D8 Link: 00009228 Flags: 00000000 Code: 000091E4 Name: table
Address: 00009228 Link: 00009240 Flags: 00000063 Code: 00009236 Name: sm/rem
Address: 00009240 Link: 00009288 Flags: 00000043 Code: 0000924E Name: fm/mod
Address: 00009288 Link: 000092A8 Flags: 00000081 Code: 00009294 Name: seed
Address: 000092A8 Link: 000092EC Flags: 00001820 Code: 000092B6 Name: setseed
Address: 000092EC Link: 00009320 Flags: 00000000 Code: 000092FA Name: random
Address: 00009320 Link: 00009340 Flags: 00000000 Code: 00009330 Name: randrange
Address: 00009340 Link: 00009370 Flags: 00000000 Code: 00009352 Name: numbertable
Address: 00009370 Link: 00009408 Flags: 00000000 Code: 0000937C Name: e^ka
Address: 00009408 Link: 00009434 Flags: 00000000 Code: 00009416 Name: 2rshift
Address: 00009434 Link: 00009570 Flags: 00000042 Code: 00009442 Name: cordic
Address: 00009570 Link: 00009590 Flags: 00000042 Code: 0000957C Name: sine
Address: 00009590 Link: 000095B0 Flags: 00000042 Code: 0000959E Name: cosine
Address: 000095B0 Link: 000095D0 Flags: 00000040 Code: 000095BA Name: pi
Address: 000095D0 Link: 000095F0 Flags: 00000040 Code: 000095DC Name: pi/2
Address: 000095F0 Link: 00009690 Flags: 00000042 Code: 00009602 Name: widecosine
Address: 00009690 Link: 0000973C Flags: 00000042 Code: 000096A0 Name: widesine
Address: 0000973C Link: 00009768 Flags: 00000041 Code: 00009748 Name: sqrt
Address: 00009768 Link: FFFFFFFF Flags: 00001861 Code: 00009772 Name: sqr

